# JRE version: Java(TM) SE Runtime Environment (8.0_92-b14) (build 1.8.0_92-b14)
# Java VM: Java HotSpot(TM) 64-Bit Server VM (25.92-b14 mixed mode windows-amd64 compressed oops)
Heap:
 PSYoungGen      total 847872K, used 333611K [0x0000000715f00000, 0x0000000758980000, 0x00000007c0000000)
  eden space 816128K, 37% used [0x0000000715f00000,0x000000072862cf78,0x0000000747c00000)
  from space 31744K, 98% used [0x0000000756a80000,0x000000075891e020,0x0000000758980000)
  to   space 117760K, 0% used [0x000000074a380000,0x000000074a380000,0x0000000751680000)
 ParOldGen       total 596480K, used 367302K [0x00000005c1c00000, 0x00000005e6280000, 0x0000000715f00000)
  object space 596480K, 61% used [0x00000005c1c00000,0x00000005d82b1b50,0x00000005e6280000)
 Metaspace       used 26133K, capacity 26501K, committed 26880K, reserved 1073152K
  class space    used 3199K, capacity 3322K, committed 3328K, reserved 1048576K
GC Heap History (10 events):
Event: 89.692 GC heap before
{Heap before GC invocations=11 (full 2):
 PSYoungGen      total 500736K, used 494703K [0x0000000715f00000, 0x000000073db80000, 0x00000007c0000000)
  eden space 395264K, 100% used [0x0000000715f00000,0x000000072e100000,0x000000072e100000)
  from space 105472K, 94% used [0x0000000735580000,0x000000073b69bdf8,0x000000073bc80000)
  to   space 119296K, 0% used [0x000000072e100000,0x000000072e100000,0x0000000735580000)
 ParOldGen       total 344064K, used 172376K [0x00000005c1c00000, 0x00000005d6c00000, 0x0000000715f00000)
  object space 344064K, 50% used [0x00000005c1c00000,0x00000005cc456100,0x00000005d6c00000)
 Metaspace       used 24773K, capacity 25157K, committed 25472K, reserved 1071104K
  class space    used 3041K, capacity 3150K, committed 3200K, reserved 1048576K
Event: 89.796 GC heap after
Heap after GC invocations=11 (full 2):
 PSYoungGen      total 514560K, used 75016K [0x0000000715f00000, 0x0000000749f00000, 0x00000007c0000000)
  eden space 395264K, 0% used [0x0000000715f00000,0x0000000715f00000,0x000000072e100000)
  from space 119296K, 62% used [0x000000072e100000,0x0000000732a42130,0x0000000735580000)
  to   space 118784K, 0% used [0x0000000742b00000,0x0000000742b00000,0x0000000749f00000)
 ParOldGen       total 344064K, used 229779K [0x00000005c1c00000, 0x00000005d6c00000, 0x0000000715f00000)
  object space 344064K, 66% used [0x00000005c1c00000,0x00000005cfc64fb0,0x00000005d6c00000)
 Metaspace       used 24773K, capacity 25157K, committed 25472K, reserved 1071104K
  class space    used 3041K, capacity 3150K, committed 3200K, reserved 1048576K
}
Event: 98.963 GC heap before
{Heap before GC invocations=12 (full 2):
 PSYoungGen      total 514560K, used 470280K [0x0000000715f00000, 0x0000000749f00000, 0x00000007c0000000)
  eden space 395264K, 100% used [0x0000000715f00000,0x000000072e100000,0x000000072e100000)
  from space 119296K, 62% used [0x000000072e100000,0x0000000732a42130,0x0000000735580000)
  to   space 118784K, 0% used [0x0000000742b00000,0x0000000742b00000,0x0000000749f00000)
 ParOldGen       total 344064K, used 229779K [0x00000005c1c00000, 0x00000005d6c00000, 0x0000000715f00000)
  object space 344064K, 66% used [0x00000005c1c00000,0x00000005cfc64fb0,0x00000005d6c00000)
 Metaspace       used 24897K, capacity 25281K, committed 25472K, reserved 1071104K
  class space    used 3059K, capacity 3192K, committed 3200K, reserved 1048576K
Event: 99.082 GC heap after
Heap after GC invocations=12 (full 2):
 PSYoungGen      total 724992K, used 75757K [0x0000000715f00000, 0x0000000749b00000, 0x00000007c0000000)
  eden space 610304K, 0% used [0x0000000715f00000,0x0000000715f00000,0x000000073b300000)
  from space 114688K, 66% used [0x0000000742b00000,0x00000007474fb5a8,0x0000000749b00000)
  to   space 118784K, 0% used [0x000000073b300000,0x000000073b300000,0x0000000742700000)
 ParOldGen       total 344064K, used 272002K [0x00000005c1c00000, 0x00000005d6c00000, 0x0000000715f00000)
  object space 344064K, 79% used [0x00000005c1c00000,0x00000005d25a0b90,0x00000005d6c00000)
 Metaspace       used 24897K, capacity 25281K, committed 25472K, reserved 1071104K
  class space    used 3059K, capacity 3192K, committed 3200K, reserved 1048576K
}
Event: 101.178 GC heap before
{Heap before GC invocations=13 (full 2):
 PSYoungGen      total 724992K, used 686061K [0x0000000715f00000, 0x0000000749b00000, 0x00000007c0000000)
  eden space 610304K, 100% used [0x0000000715f00000,0x000000073b300000,0x000000073b300000)
  from space 114688K, 66% used [0x0000000742b00000,0x00000007474fb5a8,0x0000000749b00000)
  to   space 118784K, 0% used [0x000000073b300000,0x000000073b300000,0x0000000742700000)
 ParOldGen       total 344064K, used 272002K [0x00000005c1c00000, 0x00000005d6c00000, 0x0000000715f00000)
  object space 344064K, 79% used [0x00000005c1c00000,0x00000005d25a0b90,0x00000005d6c00000)
 Metaspace       used 24897K, capacity 25281K, committed 25472K, reserved 1071104K
  class space    used 3059K, capacity 3192K, committed 3200K, reserved 1048576K
Event: 101.271 GC heap after
Heap after GC invocations=13 (full 2):
 PSYoungGen      total 729088K, used 28346K [0x0000000715f00000, 0x000000075de80000, 0x00000007c0000000)
  eden space 610304K, 0% used [0x0000000715f00000,0x0000000715f00000,0x000000073b300000)
  from space 118784K, 23% used [0x000000073b300000,0x000000073ceaead0,0x0000000742700000)
  to   space 118784K, 0% used [0x0000000756a80000,0x0000000756a80000,0x000000075de80000)
 ParOldGen       total 347648K, used 347525K [0x00000005c1c00000, 0x00000005d6f80000, 0x0000000715f00000)
  object space 347648K, 99% used [0x00000005c1c00000,0x00000005d6f616f8,0x00000005d6f80000)
 Metaspace       used 24897K, capacity 25281K, committed 25472K, reserved 1071104K
  class space    used 3059K, capacity 3192K, committed 3200K, reserved 1048576K
}
Event: 101.271 GC heap before
{Heap before GC invocations=14 (full 3):
 PSYoungGen      total 729088K, used 28346K [0x0000000715f00000, 0x000000075de80000, 0x00000007c0000000)
  eden space 610304K, 0% used [0x0000000715f00000,0x0000000715f00000,0x000000073b300000)
  from space 118784K, 23% used [0x000000073b300000,0x000000073ceaead0,0x0000000742700000)
  to   space 118784K, 0% used [0x0000000756a80000,0x0000000756a80000,0x000000075de80000)
 ParOldGen       total 347648K, used 347525K [0x00000005c1c00000, 0x00000005d6f80000, 0x0000000715f00000)
  object space 347648K, 99% used [0x00000005c1c00000,0x00000005d6f616f8,0x00000005d6f80000)
 Metaspace       used 24897K, capacity 25281K, committed 25472K, reserved 1071104K
  class space    used 3059K, capacity 3192K, committed 3200K, reserved 1048576K
Event: 102.804 GC heap after
Heap after GC invocations=14 (full 3):
 PSYoungGen      total 729088K, used 28211K [0x0000000715f00000, 0x000000075de80000, 0x00000007c0000000)
  eden space 610304K, 0% used [0x0000000715f00000,0x0000000715f00000,0x000000073b300000)
  from space 118784K, 23% used [0x000000073b300000,0x000000073ce8cdb0,0x0000000742700000)
  to   space 118784K, 0% used [0x0000000756a80000,0x0000000756a80000,0x000000075de80000)
 ParOldGen       total 596480K, used 345342K [0x00000005c1c00000, 0x00000005e6280000, 0x0000000715f00000)
  object space 596480K, 57% used [0x00000005c1c00000,0x00000005d6d3fb50,0x00000005e6280000)
 Metaspace       used 24897K, capacity 25281K, committed 25472K, reserved 1071104K
  class space    used 3059K, capacity 3192K, committed 3200K, reserved 1048576K
}
Event: 105.087 GC heap before
{Heap before GC invocations=15 (full 3):
 PSYoungGen      total 729088K, used 638515K [0x0000000715f00000, 0x000000075de80000, 0x00000007c0000000)
  eden space 610304K, 100% used [0x0000000715f00000,0x000000073b300000,0x000000073b300000)
  from space 118784K, 23% used [0x000000073b300000,0x000000073ce8cdb0,0x0000000742700000)
  to   space 118784K, 0% used [0x0000000756a80000,0x0000000756a80000,0x000000075de80000)
 ParOldGen       total 596480K, used 345342K [0x00000005c1c00000, 0x00000005e6280000, 0x0000000715f00000)
  object space 596480K, 57% used [0x00000005c1c00000,0x00000005d6d3fb50,0x00000005e6280000)
 Metaspace       used 24897K, capacity 25281K, committed 25472K, reserved 1071104K
  class space    used 3059K, capacity 3192K, committed 3200K, reserved 1048576K
Event: 105.191 GC heap after
Heap after GC invocations=15 (full 3):
 PSYoungGen      total 847872K, used 31352K [0x0000000715f00000, 0x0000000758980000, 0x00000007c0000000)
  eden space 816128K, 0% used [0x0000000715f00000,0x0000000715f00000,0x0000000747c00000)
  from space 31744K, 98% used [0x0000000756a80000,0x000000075891e020,0x0000000758980000)
  to   space 117760K, 0% used [0x000000074a380000,0x000000074a380000,0x0000000751680000)
 ParOldGen       total 596480K, used 367302K [0x00000005c1c00000, 0x00000005e6280000, 0x0000000715f00000)
  object space 596480K, 61% used [0x00000005c1c00000,0x00000005d82b1b50,0x00000005e6280000)
 Metaspace       used 24897K, capacity 25281K, committed 25472K, reserved 1071104K
  class space    used 3059K, capacity 3192K, committed 3200K, reserved 1048576K
}

