# JRE version: Java(TM) SE Runtime Environment (8.0_92-b14) (build 1.8.0_92-b14)
# Java VM: Java HotSpot(TM) Client VM (25.92-b14 mixed mode windows-x86 )
Heap:
 def new generation   total 8064K, used 822K [0x04000000, 0x048c0000, 0x09550000)
  eden space 7168K,   7% used [0x04000000, 0x0408bd58, 0x04700000)
  from space 896K,  29% used [0x04700000, 0x04741e58, 0x047e0000)
  to   space 896K,   0% used [0x047e0000, 0x047e0000, 0x048c0000)
 tenured generation   total 17812K, used 12381K [0x09550000, 0x0a6b5000, 0x14000000)
   the space 17812K,  69% used [0x09550000, 0x0a1677c8, 0x0a167800, 0x0a6b5000)
 Metaspace       used 13047K, capacity 13279K, committed 13440K, reserved 13696K
GC Heap History (10 events):
Event: 3.121 GC heap before
{Heap before GC invocations=14 (full 1):
 def new generation   total 8064K, used 7177K [0x04000000, 0x048c0000, 0x09550000)
  eden space 7168K, 100% used [0x04000000, 0x04700000, 0x04700000)
  from space 896K,   1% used [0x047e0000, 0x047e2600, 0x048c0000)
  to   space 896K,   0% used [0x04700000, 0x04700000, 0x047e0000)
 tenured generation   total 17812K, used 10685K [0x09550000, 0x0a6b5000, 0x14000000)
   the space 17812K,  59% used [0x09550000, 0x09fbf408, 0x09fbf600, 0x0a6b5000)
 Metaspace       used 8808K, capacity 9007K, committed 9088K, reserved 9600K
Event: 3.122 GC heap after
Heap after GC invocations=15 (full 1):
 def new generation   total 8064K, used 17K [0x04000000, 0x048c0000, 0x09550000)
  eden space 7168K,   0% used [0x04000000, 0x04000000, 0x04700000)
  from space 896K,   1% used [0x04700000, 0x04704540, 0x047e0000)
  to   space 896K,   0% used [0x047e0000, 0x047e0000, 0x048c0000)
 tenured generation   total 17812K, used 10685K [0x09550000, 0x0a6b5000, 0x14000000)
   the space 17812K,  59% used [0x09550000, 0x09fbf408, 0x09fbf600, 0x0a6b5000)
 Metaspace       used 8808K, capacity 9007K, committed 9088K, reserved 9600K
}
Event: 26.751 GC heap before
{Heap before GC invocations=15 (full 1):
 def new generation   total 8064K, used 7185K [0x04000000, 0x048c0000, 0x09550000)
  eden space 7168K, 100% used [0x04000000, 0x04700000, 0x04700000)
  from space 896K,   1% used [0x04700000, 0x04704540, 0x047e0000)
  to   space 896K,   0% used [0x047e0000, 0x047e0000, 0x048c0000)
 tenured generation   total 17812K, used 10685K [0x09550000, 0x0a6b5000, 0x14000000)
   the space 17812K,  59% used [0x09550000, 0x09fbf408, 0x09fbf600, 0x0a6b5000)
 Metaspace       used 11908K, capacity 12149K, committed 12288K, reserved 12672K
Event: 26.757 GC heap after
Heap after GC invocations=16 (full 1):
 def new generation   total 8064K, used 896K [0x04000000, 0x048c0000, 0x09550000)
  eden space 7168K,   0% used [0x04000000, 0x04000000, 0x04700000)
  from space 896K, 100% used [0x047e0000, 0x048c0000, 0x048c0000)
  to   space 896K,   0% used [0x04700000, 0x04700000, 0x047e0000)
 tenured generation   total 17812K, used 11062K [0x09550000, 0x0a6b5000, 0x14000000)
   the space 17812K,  62% used [0x09550000, 0x0a01d8a0, 0x0a01da00, 0x0a6b5000)
 Metaspace       used 11908K, capacity 12149K, committed 12288K, reserved 12672K
}
Event: 37.612 GC heap before
{Heap before GC invocations=16 (full 1):
 def new generation   total 8064K, used 8064K [0x04000000, 0x048c0000, 0x09550000)
  eden space 7168K, 100% used [0x04000000, 0x04700000, 0x04700000)
  from space 896K, 100% used [0x047e0000, 0x048c0000, 0x048c0000)
  to   space 896K,   0% used [0x04700000, 0x04700000, 0x047e0000)
 tenured generation   total 17812K, used 11062K [0x09550000, 0x0a6b5000, 0x14000000)
   the space 17812K,  62% used [0x09550000, 0x0a01d8a0, 0x0a01da00, 0x0a6b5000)
 Metaspace       used 13000K, capacity 13215K, committed 13312K, reserved 13696K
Event: 37.621 GC heap after
Heap after GC invocations=17 (full 1):
 def new generation   total 8064K, used 813K [0x04000000, 0x048c0000, 0x09550000)
  eden space 7168K,   0% used [0x04000000, 0x04000000, 0x04700000)
  from space 896K,  90% used [0x04700000, 0x047cb680, 0x047e0000)
  to   space 896K,   0% used [0x047e0000, 0x047e0000, 0x048c0000)
 tenured generation   total 17812K, used 11940K [0x09550000, 0x0a6b5000, 0x14000000)
   the space 17812K,  67% used [0x09550000, 0x0a0f91d0, 0x0a0f9200, 0x0a6b5000)
 Metaspace       used 13000K, capacity 13215K, committed 13312K, reserved 13696K
}
Event: 48.842 GC heap before
{Heap before GC invocations=17 (full 1):
 def new generation   total 8064K, used 7981K [0x04000000, 0x048c0000, 0x09550000)
  eden space 7168K, 100% used [0x04000000, 0x04700000, 0x04700000)
  from space 896K,  90% used [0x04700000, 0x047cb680, 0x047e0000)
  to   space 896K,   0% used [0x047e0000, 0x047e0000, 0x048c0000)
 tenured generation   total 17812K, used 11940K [0x09550000, 0x0a6b5000, 0x14000000)
   the space 17812K,  67% used [0x09550000, 0x0a0f91d0, 0x0a0f9200, 0x0a6b5000)
 Metaspace       used 13020K, capacity 13247K, committed 13440K, reserved 13696K
Event: 48.848 GC heap after
Heap after GC invocations=18 (full 1):
 def new generation   total 8064K, used 430K [0x04000000, 0x048c0000, 0x09550000)
  eden space 7168K,   0% used [0x04000000, 0x04000000, 0x04700000)
  from space 896K,  48% used [0x047e0000, 0x0484b968, 0x048c0000)
  to   space 896K,   0% used [0x04700000, 0x04700000, 0x047e0000)
 tenured generation   total 17812K, used 12381K [0x09550000, 0x0a6b5000, 0x14000000)
   the space 17812K,  69% used [0x09550000, 0x0a1677c8, 0x0a167800, 0x0a6b5000)
 Metaspace       used 13020K, capacity 13247K, committed 13440K, reserved 13696K
}
Event: 48.864 GC heap before
{Heap before GC invocations=18 (full 1):
 def new generation   total 8064K, used 7598K [0x04000000, 0x048c0000, 0x09550000)
  eden space 7168K, 100% used [0x04000000, 0x04700000, 0x04700000)
  from space 896K,  48% used [0x047e0000, 0x0484b968, 0x048c0000)
  to   space 896K,   0% used [0x04700000, 0x04700000, 0x047e0000)
 tenured generation   total 17812K, used 12381K [0x09550000, 0x0a6b5000, 0x14000000)
   the space 17812K,  69% used [0x09550000, 0x0a1677c8, 0x0a167800, 0x0a6b5000)
 Metaspace       used 13020K, capacity 13247K, committed 13440K, reserved 13696K
Event: 48.866 GC heap after
Heap after GC invocations=19 (full 1):
 def new generation   total 8064K, used 263K [0x04000000, 0x048c0000, 0x09550000)
  eden space 7168K,   0% used [0x04000000, 0x04000000, 0x04700000)
  from space 896K,  29% used [0x04700000, 0x04741e58, 0x047e0000)
  to   space 896K,   0% used [0x047e0000, 0x047e0000, 0x048c0000)
 tenured generation   total 17812K, used 12381K [0x09550000, 0x0a6b5000, 0x14000000)
   the space 17812K,  69% used [0x09550000, 0x0a1677c8, 0x0a167800, 0x0a6b5000)
 Metaspace       used 13020K, capacity 13247K, committed 13440K, reserved 13696K
}

