# JRE version: Java(TM) SE Runtime Environment (8.0_92-b14) (build 1.8.0_92-b14)
# Java VM: Java HotSpot(TM) 64-Bit Server VM (25.92-b14 mixed mode windows-amd64 compressed oops)
Heap:
 PSYoungGen      total 570368K, used 349606K [0x0000000615580000, 0x0000000648b00000, 0x00000007c0000000)
  eden space 363008K, 39% used [0x0000000615580000,0x000000061e1d26d8,0x000000062b800000)
  from space 207360K, 99% used [0x000000062b800000,0x0000000638117178,0x0000000638280000)
  to   space 238592K, 0% used [0x000000063a200000,0x000000063a200000,0x0000000648b00000)
 ParOldGen       total 908800K, used 401015K [0x00000002c0000000, 0x00000002f7780000, 0x0000000615580000)
  object space 908800K, 44% used [0x00000002c0000000,0x00000002d879dc30,0x00000002f7780000)
 Metaspace       used 23320K, capacity 23559K, committed 23936K, reserved 1071104K
  class space    used 2742K, capacity 2835K, committed 2944K, reserved 1048576K
GC Heap History (10 events):
Event: 17.920 GC heap before
{Heap before GC invocations=5 (full 1):
 PSYoungGen      total 284672K, used 21482K [0x0000000615580000, 0x0000000628080000, 0x00000007c0000000)
  eden space 263168K, 0% used [0x0000000615580000,0x0000000615580000,0x0000000625680000)
  from space 21504K, 99% used [0x0000000626b80000,0x000000062807aad0,0x0000000628080000)
  to   space 21504K, 0% used [0x0000000625680000,0x0000000625680000,0x0000000626b80000)
 ParOldGen       total 349696K, used 290782K [0x00000002c0000000, 0x00000002d5580000, 0x0000000615580000)
  object space 349696K, 83% used [0x00000002c0000000,0x00000002d1bf7b20,0x00000002d5580000)
 Metaspace       used 20170K, capacity 20359K, committed 20608K, reserved 1067008K
  class space    used 2510K, capacity 2579K, committed 2688K, reserved 1048576K
Event: 18.826 GC heap after
Heap after GC invocations=5 (full 1):
 PSYoungGen      total 284672K, used 0K [0x0000000615580000, 0x0000000628080000, 0x00000007c0000000)
  eden space 263168K, 0% used [0x0000000615580000,0x0000000615580000,0x0000000625680000)
  from space 21504K, 0% used [0x0000000626b80000,0x0000000626b80000,0x0000000628080000)
  to   space 21504K, 0% used [0x0000000625680000,0x0000000625680000,0x0000000626b80000)
 ParOldGen       total 608768K, used 297832K [0x00000002c0000000, 0x00000002e5280000, 0x0000000615580000)
  object space 608768K, 48% used [0x00000002c0000000,0x00000002d22da3f0,0x00000002e5280000)
 Metaspace       used 20170K, capacity 20359K, committed 20608K, reserved 1067008K
  class space    used 2510K, capacity 2579K, committed 2688K, reserved 1048576K
}
Event: 19.662 GC heap before
{Heap before GC invocations=6 (full 1):
 PSYoungGen      total 284672K, used 263168K [0x0000000615580000, 0x0000000628080000, 0x00000007c0000000)
  eden space 263168K, 100% used [0x0000000615580000,0x0000000625680000,0x0000000625680000)
  from space 21504K, 0% used [0x0000000626b80000,0x0000000626b80000,0x0000000628080000)
  to   space 21504K, 0% used [0x0000000625680000,0x0000000625680000,0x0000000626b80000)
 ParOldGen       total 608768K, used 297832K [0x00000002c0000000, 0x00000002e5280000, 0x0000000615580000)
  object space 608768K, 48% used [0x00000002c0000000,0x00000002d22da3f0,0x00000002e5280000)
 Metaspace       used 20171K, capacity 20359K, committed 20608K, reserved 1067008K
  class space    used 2510K, capacity 2579K, committed 2688K, reserved 1048576K
Event: 19.835 GC heap after
Heap after GC invocations=6 (full 1):
 PSYoungGen      total 284672K, used 21504K [0x0000000615580000, 0x0000000648d00000, 0x00000007c0000000)
  eden space 263168K, 0% used [0x0000000615580000,0x0000000615580000,0x0000000625680000)
  from space 21504K, 100% used [0x0000000625680000,0x0000000626b80000,0x0000000626b80000)
  to   space 206848K, 0% used [0x000000063c300000,0x000000063c300000,0x0000000648d00000)
 ParOldGen       total 608768K, used 469034K [0x00000002c0000000, 0x00000002e5280000, 0x0000000615580000)
  object space 608768K, 77% used [0x00000002c0000000,0x00000002dca0a8b8,0x00000002e5280000)
 Metaspace       used 20171K, capacity 20359K, committed 20608K, reserved 1067008K
  class space    used 2510K, capacity 2579K, committed 2688K, reserved 1048576K
}
Event: 19.835 GC heap before
{Heap before GC invocations=7 (full 2):
 PSYoungGen      total 284672K, used 21504K [0x0000000615580000, 0x0000000648d00000, 0x00000007c0000000)
  eden space 263168K, 0% used [0x0000000615580000,0x0000000615580000,0x0000000625680000)
  from space 21504K, 100% used [0x0000000625680000,0x0000000626b80000,0x0000000626b80000)
  to   space 206848K, 0% used [0x000000063c300000,0x000000063c300000,0x0000000648d00000)
 ParOldGen       total 608768K, used 469034K [0x00000002c0000000, 0x00000002e5280000, 0x0000000615580000)
  object space 608768K, 77% used [0x00000002c0000000,0x00000002dca0a8b8,0x00000002e5280000)
 Metaspace       used 20171K, capacity 20359K, committed 20608K, reserved 1067008K
  class space    used 2510K, capacity 2579K, committed 2688K, reserved 1048576K
Event: 20.962 GC heap after
Heap after GC invocations=7 (full 2):
 PSYoungGen      total 284672K, used 0K [0x0000000615580000, 0x0000000648d00000, 0x00000007c0000000)
  eden space 263168K, 0% used [0x0000000615580000,0x0000000615580000,0x0000000625680000)
  from space 21504K, 0% used [0x0000000625680000,0x0000000625680000,0x0000000626b80000)
  to   space 206848K, 0% used [0x000000063c300000,0x000000063c300000,0x0000000648d00000)
 ParOldGen       total 908800K, used 401007K [0x00000002c0000000, 0x00000002f7780000, 0x0000000615580000)
  object space 908800K, 44% used [0x00000002c0000000,0x00000002d879bc30,0x00000002f7780000)
 Metaspace       used 20171K, capacity 20359K, committed 20608K, reserved 1067008K
  class space    used 2510K, capacity 2579K, committed 2688K, reserved 1048576K
}
Event: 26.736 GC heap before
{Heap before GC invocations=8 (full 2):
 PSYoungGen      total 284672K, used 263168K [0x0000000615580000, 0x0000000648d00000, 0x00000007c0000000)
  eden space 263168K, 100% used [0x0000000615580000,0x0000000625680000,0x0000000625680000)
  from space 21504K, 0% used [0x0000000625680000,0x0000000625680000,0x0000000626b80000)
  to   space 206848K, 0% used [0x000000063c300000,0x000000063c300000,0x0000000648d00000)
 ParOldGen       total 908800K, used 401007K [0x00000002c0000000, 0x00000002f7780000, 0x0000000615580000)
  object space 908800K, 44% used [0x00000002c0000000,0x00000002d879bc30,0x00000002f7780000)
 Metaspace       used 20360K, capacity 20551K, committed 20864K, reserved 1067008K
  class space    used 2511K, capacity 2579K, committed 2688K, reserved 1048576K
Event: 26.838 GC heap after
Heap after GC invocations=8 (full 2):
 PSYoungGen      total 453632K, used 140846K [0x0000000615580000, 0x0000000644d00000, 0x00000007c0000000)
  eden space 312320K, 0% used [0x0000000615580000,0x0000000615580000,0x0000000628680000)
  from space 141312K, 99% used [0x000000063c300000,0x0000000644c8baa8,0x0000000644d00000)
  to   space 207360K, 0% used [0x000000062b800000,0x000000062b800000,0x0000000638280000)
 ParOldGen       total 908800K, used 401015K [0x00000002c0000000, 0x00000002f7780000, 0x0000000615580000)
  object space 908800K, 44% used [0x00000002c0000000,0x00000002d879dc30,0x00000002f7780000)
 Metaspace       used 20360K, capacity 20551K, committed 20864K, reserved 1067008K
  class space    used 2511K, capacity 2579K, committed 2688K, reserved 1048576K
}
Event: 31.079 GC heap before
{Heap before GC invocations=9 (full 2):
 PSYoungGen      total 453632K, used 453166K [0x0000000615580000, 0x0000000644d00000, 0x00000007c0000000)
  eden space 312320K, 100% used [0x0000000615580000,0x0000000628680000,0x0000000628680000)
  from space 141312K, 99% used [0x000000063c300000,0x0000000644c8baa8,0x0000000644d00000)
  to   space 207360K, 0% used [0x000000062b800000,0x000000062b800000,0x0000000638280000)
 ParOldGen       total 908800K, used 401015K [0x00000002c0000000, 0x00000002f7780000, 0x0000000615580000)
  object space 908800K, 44% used [0x00000002c0000000,0x00000002d879dc30,0x00000002f7780000)
 Metaspace       used 23313K, capacity 23495K, committed 23936K, reserved 1071104K
  class space    used 2742K, capacity 2835K, committed 2944K, reserved 1048576K
Event: 31.217 GC heap after
Heap after GC invocations=9 (full 2):
 PSYoungGen      total 570368K, used 205916K [0x0000000615580000, 0x0000000648b00000, 0x00000007c0000000)
  eden space 363008K, 0% used [0x0000000615580000,0x0000000615580000,0x000000062b800000)
  from space 207360K, 99% used [0x000000062b800000,0x0000000638117178,0x0000000638280000)
  to   space 238592K, 0% used [0x000000063a200000,0x000000063a200000,0x0000000648b00000)
 ParOldGen       total 908800K, used 401015K [0x00000002c0000000, 0x00000002f7780000, 0x0000000615580000)
  object space 908800K, 44% used [0x00000002c0000000,0x00000002d879dc30,0x00000002f7780000)
 Metaspace       used 23313K, capacity 23495K, committed 23936K, reserved 1071104K
  class space    used 2742K, capacity 2835K, committed 2944K, reserved 1048576K
}

