# JRE version: Java(TM) SE Runtime Environment (8.0_92-b14) (build 1.8.0_92-b14)
# Java VM: Java HotSpot(TM) 64-Bit Server VM (25.92-b14 mixed mode windows-amd64 compressed oops)
Heap:
 PSYoungGen      total 284672K, used 165819K [0x0000000715f00000, 0x000000074a880000, 0x00000007c0000000)
  eden space 263168K, 63% used [0x0000000715f00000,0x00000007200eefc0,0x0000000726000000)
  from space 21504K, 0% used [0x0000000726000000,0x0000000726000000,0x0000000727500000)
  to   space 209920K, 0% used [0x000000073db80000,0x000000073db80000,0x000000074a880000)
 ParOldGen       total 685568K, used 227014K [0x00000005c1c00000, 0x00000005eb980000, 0x0000000715f00000)
  object space 685568K, 33% used [0x00000005c1c00000,0x00000005cf9b1b70,0x00000005eb980000)
 Metaspace       used 20442K, capacity 20730K, committed 20864K, reserved 1067008K
  class space    used 2582K, capacity 2683K, committed 2688K, reserved 1048576K
GC Heap History (10 events):
Event: 7.218 GC heap before
{Heap before GC invocations=3 (full 0):
 PSYoungGen      total 153088K, used 150510K [0x0000000715f00000, 0x0000000728a00000, 0x00000007c0000000)
  eden space 131584K, 98% used [0x0000000715f00000,0x000000071dcfd6e8,0x000000071df80000)
  from space 21504K, 99% used [0x000000071f480000,0x000000072097e428,0x0000000720980000)
  to   space 21504K, 0% used [0x000000071df80000,0x000000071df80000,0x000000071f480000)
 ParOldGen       total 349696K, used 87153K [0x00000005c1c00000, 0x00000005d7180000, 0x0000000715f00000)
  object space 349696K, 24% used [0x00000005c1c00000,0x00000005c711c400,0x00000005d7180000)
 Metaspace       used 19189K, capacity 19472K, committed 19712K, reserved 1067008K
  class space    used 2436K, capacity 2538K, committed 2560K, reserved 1048576K
Event: 7.310 GC heap after
Heap after GC invocations=3 (full 0):
 PSYoungGen      total 153088K, used 21477K [0x0000000715f00000, 0x0000000728a00000, 0x00000007c0000000)
  eden space 131584K, 0% used [0x0000000715f00000,0x0000000715f00000,0x000000071df80000)
  from space 21504K, 99% used [0x000000071df80000,0x000000071f479448,0x000000071f480000)
  to   space 21504K, 0% used [0x0000000727500000,0x0000000727500000,0x0000000728a00000)
 ParOldGen       total 349696K, used 177223K [0x00000005c1c00000, 0x00000005d7180000, 0x0000000715f00000)
  object space 349696K, 50% used [0x00000005c1c00000,0x00000005cc911e98,0x00000005d7180000)
 Metaspace       used 19189K, capacity 19472K, committed 19712K, reserved 1067008K
  class space    used 2436K, capacity 2538K, committed 2560K, reserved 1048576K
}
Event: 7.522 GC heap before
{Heap before GC invocations=4 (full 0):
 PSYoungGen      total 153088K, used 153061K [0x0000000715f00000, 0x0000000728a00000, 0x00000007c0000000)
  eden space 131584K, 100% used [0x0000000715f00000,0x000000071df80000,0x000000071df80000)
  from space 21504K, 99% used [0x000000071df80000,0x000000071f479448,0x000000071f480000)
  to   space 21504K, 0% used [0x0000000727500000,0x0000000727500000,0x0000000728a00000)
 ParOldGen       total 349696K, used 177223K [0x00000005c1c00000, 0x00000005d7180000, 0x0000000715f00000)
  object space 349696K, 50% used [0x00000005c1c00000,0x00000005cc911e98,0x00000005d7180000)
 Metaspace       used 19219K, capacity 19554K, committed 19712K, reserved 1067008K
  class space    used 2443K, capacity 2551K, committed 2560K, reserved 1048576K
Event: 7.635 GC heap after
Heap after GC invocations=4 (full 0):
 PSYoungGen      total 284672K, used 21477K [0x0000000715f00000, 0x0000000728a00000, 0x00000007c0000000)
  eden space 263168K, 0% used [0x0000000715f00000,0x0000000715f00000,0x0000000726000000)
  from space 21504K, 99% used [0x0000000727500000,0x00000007289f9448,0x0000000728a00000)
  to   space 21504K, 0% used [0x0000000726000000,0x0000000726000000,0x0000000727500000)
 ParOldGen       total 349696K, used 290574K [0x00000005c1c00000, 0x00000005d7180000, 0x0000000715f00000)
  object space 349696K, 83% used [0x00000005c1c00000,0x00000005d37c3a18,0x00000005d7180000)
 Metaspace       used 19219K, capacity 19554K, committed 19712K, reserved 1067008K
  class space    used 2443K, capacity 2551K, committed 2560K, reserved 1048576K
}
Event: 7.635 GC heap before
{Heap before GC invocations=5 (full 1):
 PSYoungGen      total 284672K, used 21477K [0x0000000715f00000, 0x0000000728a00000, 0x00000007c0000000)
  eden space 263168K, 0% used [0x0000000715f00000,0x0000000715f00000,0x0000000726000000)
  from space 21504K, 99% used [0x0000000727500000,0x00000007289f9448,0x0000000728a00000)
  to   space 21504K, 0% used [0x0000000726000000,0x0000000726000000,0x0000000727500000)
 ParOldGen       total 349696K, used 290574K [0x00000005c1c00000, 0x00000005d7180000, 0x0000000715f00000)
  object space 349696K, 83% used [0x00000005c1c00000,0x00000005d37c3a18,0x00000005d7180000)
 Metaspace       used 19219K, capacity 19554K, committed 19712K, reserved 1067008K
  class space    used 2443K, capacity 2551K, committed 2560K, reserved 1048576K
Event: 8.449 GC heap after
Heap after GC invocations=5 (full 1):
 PSYoungGen      total 284672K, used 0K [0x0000000715f00000, 0x0000000728a00000, 0x00000007c0000000)
  eden space 263168K, 0% used [0x0000000715f00000,0x0000000715f00000,0x0000000726000000)
  from space 21504K, 0% used [0x0000000727500000,0x0000000727500000,0x0000000728a00000)
  to   space 21504K, 0% used [0x0000000726000000,0x0000000726000000,0x0000000727500000)
 ParOldGen       total 531968K, used 213009K [0x00000005c1c00000, 0x00000005e2380000, 0x0000000715f00000)
  object space 531968K, 40% used [0x00000005c1c00000,0x00000005cec04768,0x00000005e2380000)
 Metaspace       used 19219K, capacity 19554K, committed 19712K, reserved 1067008K
  class space    used 2443K, capacity 2551K, committed 2560K, reserved 1048576K
}
Event: 8.903 GC heap before
{Heap before GC invocations=6 (full 1):
 PSYoungGen      total 284672K, used 258429K [0x0000000715f00000, 0x0000000728a00000, 0x00000007c0000000)
  eden space 263168K, 98% used [0x0000000715f00000,0x0000000725b5f478,0x0000000726000000)
  from space 21504K, 0% used [0x0000000727500000,0x0000000727500000,0x0000000728a00000)
  to   space 21504K, 0% used [0x0000000726000000,0x0000000726000000,0x0000000727500000)
 ParOldGen       total 531968K, used 213009K [0x00000005c1c00000, 0x00000005e2380000, 0x0000000715f00000)
  object space 531968K, 40% used [0x00000005c1c00000,0x00000005cec04768,0x00000005e2380000)
 Metaspace       used 20240K, capacity 20570K, committed 20864K, reserved 1067008K
  class space    used 2557K, capacity 2651K, committed 2688K, reserved 1048576K
Event: 9.041 GC heap after
Heap after GC invocations=6 (full 1):
 PSYoungGen      total 284672K, used 21490K [0x0000000715f00000, 0x000000074a880000, 0x00000007c0000000)
  eden space 263168K, 0% used [0x0000000715f00000,0x0000000715f00000,0x0000000726000000)
  from space 21504K, 99% used [0x0000000726000000,0x00000007274fc960,0x0000000727500000)
  to   space 209920K, 0% used [0x000000073db80000,0x000000073db80000,0x000000074a880000)
 ParOldGen       total 531968K, used 353278K [0x00000005c1c00000, 0x00000005e2380000, 0x0000000715f00000)
  object space 531968K, 66% used [0x00000005c1c00000,0x00000005d74ffad0,0x00000005e2380000)
 Metaspace       used 20240K, capacity 20570K, committed 20864K, reserved 1067008K
  class space    used 2557K, capacity 2651K, committed 2688K, reserved 1048576K
}
Event: 9.041 GC heap before
{Heap before GC invocations=7 (full 2):
 PSYoungGen      total 284672K, used 21490K [0x0000000715f00000, 0x000000074a880000, 0x00000007c0000000)
  eden space 263168K, 0% used [0x0000000715f00000,0x0000000715f00000,0x0000000726000000)
  from space 21504K, 99% used [0x0000000726000000,0x00000007274fc960,0x0000000727500000)
  to   space 209920K, 0% used [0x000000073db80000,0x000000073db80000,0x000000074a880000)
 ParOldGen       total 531968K, used 353278K [0x00000005c1c00000, 0x00000005e2380000, 0x0000000715f00000)
  object space 531968K, 66% used [0x00000005c1c00000,0x00000005d74ffad0,0x00000005e2380000)
 Metaspace       used 20240K, capacity 20570K, committed 20864K, reserved 1067008K
  class space    used 2557K, capacity 2651K, committed 2688K, reserved 1048576K
Event: 10.026 GC heap after
Heap after GC invocations=7 (full 2):
 PSYoungGen      total 284672K, used 0K [0x0000000715f00000, 0x000000074a880000, 0x00000007c0000000)
  eden space 263168K, 0% used [0x0000000715f00000,0x0000000715f00000,0x0000000726000000)
  from space 21504K, 0% used [0x0000000726000000,0x0000000726000000,0x0000000727500000)
  to   space 209920K, 0% used [0x000000073db80000,0x000000073db80000,0x000000074a880000)
 ParOldGen       total 685568K, used 227014K [0x00000005c1c00000, 0x00000005eb980000, 0x0000000715f00000)
  object space 685568K, 33% used [0x00000005c1c00000,0x00000005cf9b1b70,0x00000005eb980000)
 Metaspace       used 20240K, capacity 20570K, committed 20864K, reserved 1067008K
  class space    used 2557K, capacity 2651K, committed 2688K, reserved 1048576K
}

