# JRE version: Java(TM) SE Runtime Environment (8.0_92-b14) (build 1.8.0_92-b14)
# Java VM: Java HotSpot(TM) 64-Bit Server VM (25.92-b14 mixed mode windows-amd64 compressed oops)
Heap:
 PSYoungGen      total 738304K, used 396408K [0x0000000715f00000, 0x000000074a280000, 0x00000007c0000000)
  eden space 630272K, 53% used [0x0000000715f00000,0x000000072a977410,0x000000073c680000)
  from space 108032K, 53% used [0x0000000743900000,0x00000007471a6c08,0x000000074a280000)
  to   space 112640K, 0% used [0x000000073c680000,0x000000073c680000,0x0000000743480000)
 ParOldGen       total 336896K, used 241243K [0x00000005c1c00000, 0x00000005d6500000, 0x0000000715f00000)
  object space 336896K, 71% used [0x00000005c1c00000,0x00000005d0796ff8,0x00000005d6500000)
 Metaspace       used 26088K, capacity 26469K, committed 26880K, reserved 1073152K
  class space    used 3190K, capacity 3290K, committed 3328K, reserved 1048576K
GC Heap History (10 events):
Event: 105.040 GC heap before
{Heap before GC invocations=8 (full 2):
 PSYoungGen      total 153088K, used 153056K [0x0000000715f00000, 0x000000072e400000, 0x00000007c0000000)
  eden space 131584K, 100% used [0x0000000715f00000,0x000000071df80000,0x000000071df80000)
  from space 21504K, 99% used [0x000000071df80000,0x000000071f4780f8,0x000000071f480000)
  to   space 85504K, 0% used [0x0000000729080000,0x0000000729080000,0x000000072e400000)
 ParOldGen       total 336896K, used 142213K [0x00000005c1c00000, 0x00000005d6500000, 0x0000000715f00000)
  object space 336896K, 42% used [0x00000005c1c00000,0x00000005ca6e17b8,0x00000005d6500000)
 Metaspace       used 24685K, capacity 25057K, committed 25472K, reserved 1071104K
  class space    used 3028K, capacity 3144K, committed 3200K, reserved 1048576K
Event: 105.090 GC heap after
Heap after GC invocations=8 (full 2):
 PSYoungGen      total 308224K, used 62454K [0x0000000715f00000, 0x0000000730100000, 0x00000007c0000000)
  eden space 222720K, 0% used [0x0000000715f00000,0x0000000715f00000,0x0000000723880000)
  from space 85504K, 73% used [0x0000000729080000,0x000000072cd7d990,0x000000072e400000)
  to   space 90112K, 0% used [0x0000000723880000,0x0000000723880000,0x0000000729080000)
 ParOldGen       total 336896K, used 142221K [0x00000005c1c00000, 0x00000005d6500000, 0x0000000715f00000)
  object space 336896K, 42% used [0x00000005c1c00000,0x00000005ca6e37b8,0x00000005d6500000)
 Metaspace       used 24685K, capacity 25057K, committed 25472K, reserved 1071104K
  class space    used 3028K, capacity 3144K, committed 3200K, reserved 1048576K
}
Event: 107.333 GC heap before
{Heap before GC invocations=9 (full 2):
 PSYoungGen      total 308224K, used 285174K [0x0000000715f00000, 0x0000000730100000, 0x00000007c0000000)
  eden space 222720K, 100% used [0x0000000715f00000,0x0000000723880000,0x0000000723880000)
  from space 85504K, 73% used [0x0000000729080000,0x000000072cd7d990,0x000000072e400000)
  to   space 90112K, 0% used [0x0000000723880000,0x0000000723880000,0x0000000729080000)
 ParOldGen       total 336896K, used 142221K [0x00000005c1c00000, 0x00000005d6500000, 0x0000000715f00000)
  object space 336896K, 42% used [0x00000005c1c00000,0x00000005ca6e37b8,0x00000005d6500000)
 Metaspace       used 24693K, capacity 25081K, committed 25472K, reserved 1071104K
  class space    used 3030K, capacity 3148K, committed 3200K, reserved 1048576K
Event: 107.394 GC heap after
Heap after GC invocations=9 (full 2):
 PSYoungGen      total 312832K, used 78594K [0x0000000715f00000, 0x000000073bd80000, 0x00000007c0000000)
  eden space 222720K, 0% used [0x0000000715f00000,0x0000000715f00000,0x0000000723880000)
  from space 90112K, 87% used [0x0000000723880000,0x0000000728540a10,0x0000000729080000)
  to   space 100864K, 0% used [0x0000000735b00000,0x0000000735b00000,0x000000073bd80000)
 ParOldGen       total 336896K, used 142221K [0x00000005c1c00000, 0x00000005d6500000, 0x0000000715f00000)
  object space 336896K, 42% used [0x00000005c1c00000,0x00000005ca6e37b8,0x00000005d6500000)
 Metaspace       used 24693K, capacity 25081K, committed 25472K, reserved 1071104K
  class space    used 3030K, capacity 3148K, committed 3200K, reserved 1048576K
}
Event: 107.850 GC heap before
{Heap before GC invocations=10 (full 2):
 PSYoungGen      total 312832K, used 301314K [0x0000000715f00000, 0x000000073bd80000, 0x00000007c0000000)
  eden space 222720K, 100% used [0x0000000715f00000,0x0000000723880000,0x0000000723880000)
  from space 90112K, 87% used [0x0000000723880000,0x0000000728540a10,0x0000000729080000)
  to   space 100864K, 0% used [0x0000000735b00000,0x0000000735b00000,0x000000073bd80000)
 ParOldGen       total 336896K, used 142221K [0x00000005c1c00000, 0x00000005d6500000, 0x0000000715f00000)
  object space 336896K, 42% used [0x00000005c1c00000,0x00000005ca6e37b8,0x00000005d6500000)
 Metaspace       used 24714K, capacity 25093K, committed 25472K, reserved 1071104K
  class space    used 3031K, capacity 3150K, committed 3200K, reserved 1048576K
Event: 107.929 GC heap after
Heap after GC invocations=10 (full 2):
 PSYoungGen      total 504832K, used 99365K [0x0000000715f00000, 0x000000073e880000, 0x00000007c0000000)
  eden space 403968K, 0% used [0x0000000715f00000,0x0000000715f00000,0x000000072e980000)
  from space 100864K, 98% used [0x0000000735b00000,0x000000073bc09590,0x000000073bd80000)
  to   space 116224K, 0% used [0x000000072e980000,0x000000072e980000,0x0000000735b00000)
 ParOldGen       total 336896K, used 142221K [0x00000005c1c00000, 0x00000005d6500000, 0x0000000715f00000)
  object space 336896K, 42% used [0x00000005c1c00000,0x00000005ca6e37b8,0x00000005d6500000)
 Metaspace       used 24714K, capacity 25093K, committed 25472K, reserved 1071104K
  class space    used 3031K, capacity 3150K, committed 3200K, reserved 1048576K
}
Event: 119.453 GC heap before
{Heap before GC invocations=11 (full 2):
 PSYoungGen      total 504832K, used 503333K [0x0000000715f00000, 0x000000073e880000, 0x00000007c0000000)
  eden space 403968K, 100% used [0x0000000715f00000,0x000000072e980000,0x000000072e980000)
  from space 100864K, 98% used [0x0000000735b00000,0x000000073bc09590,0x000000073bd80000)
  to   space 116224K, 0% used [0x000000072e980000,0x000000072e980000,0x0000000735b00000)
 ParOldGen       total 336896K, used 142221K [0x00000005c1c00000, 0x00000005d6500000, 0x0000000715f00000)
  object space 336896K, 42% used [0x00000005c1c00000,0x00000005ca6e37b8,0x00000005d6500000)
 Metaspace       used 24854K, capacity 25249K, committed 25472K, reserved 1071104K
  class space    used 3049K, capacity 3160K, committed 3200K, reserved 1048576K
Event: 119.566 GC heap after
Heap after GC invocations=11 (full 2):
 PSYoungGen      total 520192K, used 76932K [0x0000000715f00000, 0x000000074ac80000, 0x00000007c0000000)
  eden space 403968K, 0% used [0x0000000715f00000,0x0000000715f00000,0x000000072e980000)
  from space 116224K, 66% used [0x000000072e980000,0x00000007334a1298,0x0000000735b00000)
  to   space 118272K, 0% used [0x0000000743900000,0x0000000743900000,0x000000074ac80000)
 ParOldGen       total 336896K, used 204715K [0x00000005c1c00000, 0x00000005d6500000, 0x0000000715f00000)
  object space 336896K, 60% used [0x00000005c1c00000,0x00000005ce3eac58,0x00000005d6500000)
 Metaspace       used 24854K, capacity 25249K, committed 25472K, reserved 1071104K
  class space    used 3049K, capacity 3160K, committed 3200K, reserved 1048576K
}
Event: 121.197 GC heap before
{Heap before GC invocations=12 (full 2):
 PSYoungGen      total 520192K, used 480900K [0x0000000715f00000, 0x000000074ac80000, 0x00000007c0000000)
  eden space 403968K, 100% used [0x0000000715f00000,0x000000072e980000,0x000000072e980000)
  from space 116224K, 66% used [0x000000072e980000,0x00000007334a1298,0x0000000735b00000)
  to   space 118272K, 0% used [0x0000000743900000,0x0000000743900000,0x000000074ac80000)
 ParOldGen       total 336896K, used 204715K [0x00000005c1c00000, 0x00000005d6500000, 0x0000000715f00000)
  object space 336896K, 60% used [0x00000005c1c00000,0x00000005ce3eac58,0x00000005d6500000)
 Metaspace       used 24854K, capacity 25249K, committed 25472K, reserved 1071104K
  class space    used 3049K, capacity 3160K, committed 3200K, reserved 1048576K
Event: 121.299 GC heap after
Heap after GC invocations=12 (full 2):
 PSYoungGen      total 738304K, used 58011K [0x0000000715f00000, 0x000000074a280000, 0x00000007c0000000)
  eden space 630272K, 0% used [0x0000000715f00000,0x0000000715f00000,0x000000073c680000)
  from space 108032K, 53% used [0x0000000743900000,0x00000007471a6c08,0x000000074a280000)
  to   space 112640K, 0% used [0x000000073c680000,0x000000073c680000,0x0000000743480000)
 ParOldGen       total 336896K, used 241243K [0x00000005c1c00000, 0x00000005d6500000, 0x0000000715f00000)
  object space 336896K, 71% used [0x00000005c1c00000,0x00000005d0796ff8,0x00000005d6500000)
 Metaspace       used 24854K, capacity 25249K, committed 25472K, reserved 1071104K
  class space    used 3049K, capacity 3160K, committed 3200K, reserved 1048576K
}

