# JRE version: Java(TM) SE Runtime Environment (8.0_92-b14) (build 1.8.0_92-b14)
# Java VM: Java HotSpot(TM) Client VM (25.92-b14 mixed mode windows-x86 )
Heap:
 def new generation   total 8064K, used 6480K [0x03e00000, 0x046c0000, 0x09350000)
  eden space 7168K,  84% used [0x03e00000, 0x043e9af0, 0x04500000)
  from space 896K,  47% used [0x04500000, 0x0456a8c8, 0x045e0000)
  to   space 896K,   0% used [0x045e0000, 0x045e0000, 0x046c0000)
 tenured generation   total 17812K, used 12363K [0x09350000, 0x0a4b5000, 0x13e00000)
   the space 17812K,  69% used [0x09350000, 0x09f62e88, 0x09f63000, 0x0a4b5000)
 Metaspace       used 13079K, capacity 13313K, committed 13440K, reserved 13696K
GC Heap History (10 events):
Event: 2.809 GC heap before
{Heap before GC invocations=14 (full 1):
 def new generation   total 8064K, used 7175K [0x03e00000, 0x046c0000, 0x09350000)
  eden space 7168K,  99% used [0x03e00000, 0x044ff720, 0x04500000)
  from space 896K,   1% used [0x045e0000, 0x045e2600, 0x046c0000)
  to   space 896K,   0% used [0x04500000, 0x04500000, 0x045e0000)
 tenured generation   total 17812K, used 10685K [0x09350000, 0x0a4b5000, 0x13e00000)
   the space 17812K,  59% used [0x09350000, 0x09dbf4f0, 0x09dbf600, 0x0a4b5000)
 Metaspace       used 8810K, capacity 9007K, committed 9088K, reserved 9600K
Event: 2.810 GC heap after
Heap after GC invocations=15 (full 1):
 def new generation   total 8064K, used 9K [0x03e00000, 0x046c0000, 0x09350000)
  eden space 7168K,   0% used [0x03e00000, 0x03e00000, 0x04500000)
  from space 896K,   1% used [0x04500000, 0x04502600, 0x045e0000)
  to   space 896K,   0% used [0x045e0000, 0x045e0000, 0x046c0000)
 tenured generation   total 17812K, used 10685K [0x09350000, 0x0a4b5000, 0x13e00000)
   the space 17812K,  59% used [0x09350000, 0x09dbf4f0, 0x09dbf600, 0x0a4b5000)
 Metaspace       used 8810K, capacity 9007K, committed 9088K, reserved 9600K
}
Event: 7.365 GC heap before
{Heap before GC invocations=15 (full 1):
 def new generation   total 8064K, used 7177K [0x03e00000, 0x046c0000, 0x09350000)
  eden space 7168K, 100% used [0x03e00000, 0x04500000, 0x04500000)
  from space 896K,   1% used [0x04500000, 0x04502600, 0x045e0000)
  to   space 896K,   0% used [0x045e0000, 0x045e0000, 0x046c0000)
 tenured generation   total 17812K, used 10685K [0x09350000, 0x0a4b5000, 0x13e00000)
   the space 17812K,  59% used [0x09350000, 0x09dbf4f0, 0x09dbf600, 0x0a4b5000)
 Metaspace       used 11986K, capacity 12213K, committed 12288K, reserved 12672K
Event: 7.378 GC heap after
Heap after GC invocations=16 (full 1):
 def new generation   total 8064K, used 896K [0x03e00000, 0x046c0000, 0x09350000)
  eden space 7168K,   0% used [0x03e00000, 0x03e00000, 0x04500000)
  from space 896K, 100% used [0x045e0000, 0x046c0000, 0x046c0000)
  to   space 896K,   0% used [0x04500000, 0x04500000, 0x045e0000)
 tenured generation   total 17812K, used 11091K [0x09350000, 0x0a4b5000, 0x13e00000)
   the space 17812K,  62% used [0x09350000, 0x09e24ca8, 0x09e24e00, 0x0a4b5000)
 Metaspace       used 11986K, capacity 12213K, committed 12288K, reserved 12672K
}
Event: 12.875 GC heap before
{Heap before GC invocations=16 (full 1):
 def new generation   total 8064K, used 8064K [0x03e00000, 0x046c0000, 0x09350000)
  eden space 7168K, 100% used [0x03e00000, 0x04500000, 0x04500000)
  from space 896K, 100% used [0x045e0000, 0x046c0000, 0x046c0000)
  to   space 896K,   0% used [0x04500000, 0x04500000, 0x045e0000)
 tenured generation   total 17812K, used 11091K [0x09350000, 0x0a4b5000, 0x13e00000)
   the space 17812K,  62% used [0x09350000, 0x09e24ca8, 0x09e24e00, 0x0a4b5000)
 Metaspace       used 12185K, capacity 12412K, committed 12544K, reserved 12672K
Event: 12.884 GC heap after
Heap after GC invocations=17 (full 1):
 def new generation   total 8064K, used 133K [0x03e00000, 0x046c0000, 0x09350000)
  eden space 7168K,   0% used [0x03e00000, 0x03e00000, 0x04500000)
  from space 896K,  14% used [0x04500000, 0x045216b0, 0x045e0000)
  to   space 896K,   0% used [0x045e0000, 0x045e0000, 0x046c0000)
 tenured generation   total 17812K, used 11977K [0x09350000, 0x0a4b5000, 0x13e00000)
   the space 17812K,  67% used [0x09350000, 0x09f02780, 0x09f02800, 0x0a4b5000)
 Metaspace       used 12185K, capacity 12412K, committed 12544K, reserved 12672K
}
Event: 28.178 GC heap before
{Heap before GC invocations=17 (full 1):
 def new generation   total 8064K, used 7301K [0x03e00000, 0x046c0000, 0x09350000)
  eden space 7168K, 100% used [0x03e00000, 0x04500000, 0x04500000)
  from space 896K,  14% used [0x04500000, 0x045216b0, 0x045e0000)
  to   space 896K,   0% used [0x045e0000, 0x045e0000, 0x046c0000)
 tenured generation   total 17812K, used 11977K [0x09350000, 0x0a4b5000, 0x13e00000)
   the space 17812K,  67% used [0x09350000, 0x09f02780, 0x09f02800, 0x0a4b5000)
 Metaspace       used 13003K, capacity 13217K, committed 13312K, reserved 13696K
Event: 28.190 GC heap after
Heap after GC invocations=18 (full 1):
 def new generation   total 8064K, used 610K [0x03e00000, 0x046c0000, 0x09350000)
  eden space 7168K,   0% used [0x03e00000, 0x03e00000, 0x04500000)
  from space 896K,  68% used [0x045e0000, 0x04678ba0, 0x046c0000)
  to   space 896K,   0% used [0x04500000, 0x04500000, 0x045e0000)
 tenured generation   total 17812K, used 11977K [0x09350000, 0x0a4b5000, 0x13e00000)
   the space 17812K,  67% used [0x09350000, 0x09f02780, 0x09f02800, 0x0a4b5000)
 Metaspace       used 13003K, capacity 13217K, committed 13312K, reserved 13696K
}
Event: 39.328 GC heap before
{Heap before GC invocations=18 (full 1):
 def new generation   total 8064K, used 7778K [0x03e00000, 0x046c0000, 0x09350000)
  eden space 7168K, 100% used [0x03e00000, 0x04500000, 0x04500000)
  from space 896K,  68% used [0x045e0000, 0x04678ba0, 0x046c0000)
  to   space 896K,   0% used [0x04500000, 0x04500000, 0x045e0000)
 tenured generation   total 17812K, used 11977K [0x09350000, 0x0a4b5000, 0x13e00000)
   the space 17812K,  67% used [0x09350000, 0x09f02780, 0x09f02800, 0x0a4b5000)
 Metaspace       used 13052K, capacity 13281K, committed 13440K, reserved 13696K
Event: 39.333 GC heap after
Heap after GC invocations=19 (full 1):
 def new generation   total 8064K, used 426K [0x03e00000, 0x046c0000, 0x09350000)
  eden space 7168K,   0% used [0x03e00000, 0x03e00000, 0x04500000)
  from space 896K,  47% used [0x04500000, 0x0456a8c8, 0x045e0000)
  to   space 896K,   0% used [0x045e0000, 0x045e0000, 0x046c0000)
 tenured generation   total 17812K, used 12363K [0x09350000, 0x0a4b5000, 0x13e00000)
   the space 17812K,  69% used [0x09350000, 0x09f62e88, 0x09f63000, 0x0a4b5000)
 Metaspace       used 13052K, capacity 13281K, committed 13440K, reserved 13696K
}

