# JRE version: Java(TM) SE Runtime Environment (8.0_92-b14) (build 1.8.0_92-b14)
# Java VM: Java HotSpot(TM) Client VM (25.92-b14 mixed mode, sharing windows-x86 )
Heap:
 def new generation   total 8064K, used 2580K [0x03c00000, 0x044c0000, 0x09150000)
  eden space 7168K,  32% used [0x03c00000, 0x03e47588, 0x04300000)
  from space 896K,  27% used [0x04300000, 0x0433dd28, 0x043e0000)
  to   space 896K,   0% used [0x043e0000, 0x043e0000, 0x044c0000)
 tenured generation   total 17812K, used 12282K [0x09150000, 0x0a2b5000, 0x13c00000)
   the space 17812K,  68% used [0x09150000, 0x09d4e930, 0x09d4ea00, 0x0a2b5000)
 Metaspace       used 5033K, capacity 5247K, committed 5376K, reserved 5504K
GC Heap History (10 events):
Event: 2.709 GC heap before
{Heap before GC invocations=14 (full 1):
 def new generation   total 8064K, used 7177K [0x03c00000, 0x044c0000, 0x09150000)
  eden space 7168K, 100% used [0x03c00000, 0x04300000, 0x04300000)
  from space 896K,   1% used [0x043e0000, 0x043e2600, 0x044c0000)
  to   space 896K,   0% used [0x04300000, 0x04300000, 0x043e0000)
 tenured generation   total 17812K, used 10686K [0x09150000, 0x0a2b5000, 0x13c00000)
   the space 17812K,  59% used [0x09150000, 0x09bbfae0, 0x09bbfc00, 0x0a2b5000)
 Metaspace       used 2927K, capacity 3119K, committed 3136K, reserved 4480K
Event: 2.710 GC heap after
Heap after GC invocations=15 (full 1):
 def new generation   total 8064K, used 9K [0x03c00000, 0x044c0000, 0x09150000)
  eden space 7168K,   0% used [0x03c00000, 0x03c00000, 0x04300000)
  from space 896K,   1% used [0x04300000, 0x04302600, 0x043e0000)
  to   space 896K,   0% used [0x043e0000, 0x043e0000, 0x044c0000)
 tenured generation   total 17812K, used 10686K [0x09150000, 0x0a2b5000, 0x13c00000)
   the space 17812K,  59% used [0x09150000, 0x09bbfae0, 0x09bbfc00, 0x0a2b5000)
 Metaspace       used 2927K, capacity 3119K, committed 3136K, reserved 4480K
}
Event: 6.988 GC heap before
{Heap before GC invocations=15 (full 1):
 def new generation   total 8064K, used 7177K [0x03c00000, 0x044c0000, 0x09150000)
  eden space 7168K, 100% used [0x03c00000, 0x04300000, 0x04300000)
  from space 896K,   1% used [0x04300000, 0x04302600, 0x043e0000)
  to   space 896K,   0% used [0x043e0000, 0x043e0000, 0x044c0000)
 tenured generation   total 17812K, used 10686K [0x09150000, 0x0a2b5000, 0x13c00000)
   the space 17812K,  59% used [0x09150000, 0x09bbfae0, 0x09bbfc00, 0x0a2b5000)
 Metaspace       used 4290K, capacity 4533K, committed 4608K, reserved 5504K
Event: 6.996 GC heap after
Heap after GC invocations=16 (full 1):
 def new generation   total 8064K, used 896K [0x03c00000, 0x044c0000, 0x09150000)
  eden space 7168K,   0% used [0x03c00000, 0x03c00000, 0x04300000)
  from space 896K, 100% used [0x043e0000, 0x044c0000, 0x044c0000)
  to   space 896K,   0% used [0x04300000, 0x04300000, 0x043e0000)
 tenured generation   total 17812K, used 11086K [0x09150000, 0x0a2b5000, 0x13c00000)
   the space 17812K,  62% used [0x09150000, 0x09c23ae8, 0x09c23c00, 0x0a2b5000)
 Metaspace       used 4290K, capacity 4533K, committed 4608K, reserved 5504K
}
Event: 17.108 GC heap before
{Heap before GC invocations=16 (full 1):
 def new generation   total 8064K, used 8064K [0x03c00000, 0x044c0000, 0x09150000)
  eden space 7168K, 100% used [0x03c00000, 0x04300000, 0x04300000)
  from space 896K, 100% used [0x043e0000, 0x044c0000, 0x044c0000)
  to   space 896K,   0% used [0x04300000, 0x04300000, 0x043e0000)
 tenured generation   total 17812K, used 11086K [0x09150000, 0x0a2b5000, 0x13c00000)
   the space 17812K,  62% used [0x09150000, 0x09c23ae8, 0x09c23c00, 0x0a2b5000)
 Metaspace       used 4954K, capacity 5183K, committed 5248K, reserved 5504K
Event: 17.116 GC heap after
Heap after GC invocations=17 (full 1):
 def new generation   total 8064K, used 388K [0x03c00000, 0x044c0000, 0x09150000)
  eden space 7168K,   0% used [0x03c00000, 0x03c00000, 0x04300000)
  from space 896K,  43% used [0x04300000, 0x043613a0, 0x043e0000)
  to   space 896K,   0% used [0x043e0000, 0x043e0000, 0x044c0000)
 tenured generation   total 17812K, used 11974K [0x09150000, 0x0a2b5000, 0x13c00000)
   the space 17812K,  67% used [0x09150000, 0x09d01b88, 0x09d01c00, 0x0a2b5000)
 Metaspace       used 4954K, capacity 5183K, committed 5248K, reserved 5504K
}
Event: 31.370 GC heap before
{Heap before GC invocations=17 (full 1):
 def new generation   total 8064K, used 7556K [0x03c00000, 0x044c0000, 0x09150000)
  eden space 7168K, 100% used [0x03c00000, 0x04300000, 0x04300000)
  from space 896K,  43% used [0x04300000, 0x043613a0, 0x043e0000)
  to   space 896K,   0% used [0x043e0000, 0x043e0000, 0x044c0000)
 tenured generation   total 17812K, used 11974K [0x09150000, 0x0a2b5000, 0x13c00000)
   the space 17812K,  67% used [0x09150000, 0x09d01b88, 0x09d01c00, 0x0a2b5000)
 Metaspace       used 5006K, capacity 5215K, committed 5248K, reserved 5504K
Event: 31.376 GC heap after
Heap after GC invocations=18 (full 1):
 def new generation   total 8064K, used 667K [0x03c00000, 0x044c0000, 0x09150000)
  eden space 7168K,   0% used [0x03c00000, 0x03c00000, 0x04300000)
  from space 896K,  74% used [0x043e0000, 0x04486dd0, 0x044c0000)
  to   space 896K,   0% used [0x04300000, 0x04300000, 0x043e0000)
 tenured generation   total 17812K, used 11974K [0x09150000, 0x0a2b5000, 0x13c00000)
   the space 17812K,  67% used [0x09150000, 0x09d01b88, 0x09d01c00, 0x0a2b5000)
 Metaspace       used 5006K, capacity 5215K, committed 5248K, reserved 5504K
}
Event: 31.414 GC heap before
{Heap before GC invocations=18 (full 1):
 def new generation   total 8064K, used 7835K [0x03c00000, 0x044c0000, 0x09150000)
  eden space 7168K, 100% used [0x03c00000, 0x04300000, 0x04300000)
  from space 896K,  74% used [0x043e0000, 0x04486dd0, 0x044c0000)
  to   space 896K,   0% used [0x04300000, 0x04300000, 0x043e0000)
 tenured generation   total 17812K, used 11974K [0x09150000, 0x0a2b5000, 0x13c00000)
   the space 17812K,  67% used [0x09150000, 0x09d01b88, 0x09d01c00, 0x0a2b5000)
 Metaspace       used 5006K, capacity 5215K, committed 5248K, reserved 5504K
Event: 31.417 GC heap after
Heap after GC invocations=19 (full 1):
 def new generation   total 8064K, used 247K [0x03c00000, 0x044c0000, 0x09150000)
  eden space 7168K,   0% used [0x03c00000, 0x03c00000, 0x04300000)
  from space 896K,  27% used [0x04300000, 0x0433dd28, 0x043e0000)
  to   space 896K,   0% used [0x043e0000, 0x043e0000, 0x044c0000)
 tenured generation   total 17812K, used 12282K [0x09150000, 0x0a2b5000, 0x13c00000)
   the space 17812K,  68% used [0x09150000, 0x09d4e930, 0x09d4ea00, 0x0a2b5000)
 Metaspace       used 5006K, capacity 5215K, committed 5248K, reserved 5504K
}

